TN:
SF:workout.js
FN:134,(anonymous_0)
FN:142,(anonymous_1)
FN:152,formatSeconds
FN:159,createSvg
FN:170,(anonymous_4)
FN:172,(anonymous_5)
FN:238,renderTabs
FN:240,(anonymous_7)
FN:257,renderDays
FN:260,(anonymous_9)
FN:288,(anonymous_10)
FN:340,activateDay
FN:343,(anonymous_12)
FN:350,(anonymous_13)
FN:357,(anonymous_14)
FN:370,(anonymous_15)
FN:378,(anonymous_16)
FN:407,(anonymous_17)
FN:434,(anonymous_18)
FN:448,applyVisibilityPreferences
FN:457,applyProfilePreferences
FN:477,(anonymous_21)
FN:496,updateTimerDisplay
FN:500,setTimerStatus
FN:505,playNotificationTone
FN:522,stopTimer
FN:530,startTimer
FN:542,(anonymous_27)
FN:554,(anonymous_28)
FN:557,initWorkoutProgram
FNF:30
FNH:30
FNDA:204,(anonymous_0)
FNDA:189,(anonymous_1)
FNDA:95,formatSeconds
FNDA:409,createSvg
FNDA:1226,(anonymous_4)
FNDA:5570,(anonymous_5)
FNDA:50,renderTabs
FNDA:350,(anonymous_7)
FNDA:50,renderDays
FNDA:350,(anonymous_9)
FNDA:400,(anonymous_10)
FNDA:68,activateDay
FNDA:152,(anonymous_12)
FNDA:469,(anonymous_13)
FNDA:469,(anonymous_14)
FNDA:2,(anonymous_15)
FNDA:10,(anonymous_16)
FNDA:6,(anonymous_17)
FNDA:1,(anonymous_18)
FNDA:55,applyVisibilityPreferences
FNDA:57,applyProfilePreferences
FNDA:2,(anonymous_21)
FNDA:89,updateTimerDisplay
FNDA:17,setTimerStatus
FNDA:4,playNotificationTone
FNDA:15,stopTimer
FNDA:10,startTimer
FNDA:31,(anonymous_27)
FNDA:3,(anonymous_28)
FNDA:50,initWorkoutProgram
DA:2,50
DA:133,50
DA:135,204
DA:136,204
DA:137,203
DA:139,3
DA:143,189
DA:144,189
DA:145,188
DA:147,1
DA:153,95
DA:154,95
DA:155,95
DA:156,95
DA:160,409
DA:161,409
DA:162,409
DA:163,409
DA:164,409
DA:166,409
DA:167,409
DA:168,409
DA:170,409
DA:171,1226
DA:172,5570
DA:173,1226
DA:176,409
DA:178,51
DA:179,51
DA:180,51
DA:181,51
DA:182,51
DA:184,51
DA:185,51
DA:186,51
DA:187,51
DA:188,51
DA:190,51
DA:191,51
DA:192,51
DA:193,51
DA:195,51
DA:196,51
DA:197,51
DA:199,51
DA:200,51
DA:201,51
DA:202,51
DA:204,51
DA:205,51
DA:206,51
DA:207,51
DA:209,51
DA:210,51
DA:211,51
DA:212,51
DA:214,51
DA:215,51
DA:216,51
DA:218,1
DA:219,1
DA:220,1
DA:223,409
DA:227,50
DA:228,50
DA:229,50
DA:230,50
DA:231,50
DA:232,50
DA:233,50
DA:234,50
DA:235,50
DA:236,50
DA:239,50
DA:240,50
DA:241,350
DA:242,350
DA:243,350
DA:244,350
DA:245,350
DA:246,350
DA:247,350
DA:248,350
DA:249,350
DA:250,350
DA:251,350
DA:252,350
DA:254,50
DA:258,50
DA:260,50
DA:261,350
DA:262,350
DA:263,350
DA:264,350
DA:265,350
DA:267,350
DA:268,350
DA:270,350
DA:271,350
DA:272,350
DA:274,350
DA:275,350
DA:276,350
DA:278,350
DA:279,350
DA:280,350
DA:282,350
DA:284,350
DA:285,350
DA:286,350
DA:288,350
DA:289,400
DA:290,400
DA:292,400
DA:293,400
DA:294,400
DA:296,400
DA:297,400
DA:299,400
DA:300,400
DA:301,400
DA:303,400
DA:304,400
DA:305,400
DA:307,400
DA:308,400
DA:309,400
DA:311,400
DA:312,400
DA:313,400
DA:315,400
DA:316,400
DA:317,400
DA:318,400
DA:325,400
DA:326,400
DA:328,400
DA:329,400
DA:330,400
DA:333,350
DA:334,350
DA:337,50
DA:341,68
DA:342,68
DA:343,152
DA:344,68
DA:345,1
DA:348,67
DA:350,67
DA:351,469
DA:352,469
DA:353,469
DA:354,469
DA:357,67
DA:358,469
DA:359,469
DA:360,469
DA:363,67
DA:364,67
DA:365,7
DA:370,50
DA:371,2
DA:372,2
DA:373,1
DA:375,1
DA:378,50
DA:379,10
DA:380,10
DA:381,1
DA:384,9
DA:385,9
DA:386,9
DA:388,9
DA:389,2
DA:390,7
DA:391,2
DA:392,5
DA:393,1
DA:394,4
DA:395,1
DA:396,3
DA:397,2
DA:398,2
DA:400,1
DA:403,6
DA:404,6
DA:407,50
DA:408,6
DA:409,6
DA:410,1
DA:413,5
DA:414,5
DA:415,5
DA:417,5
DA:418,4
DA:420,1
DA:421,1
DA:422,1
DA:423,1
DA:424,1
DA:425,1
DA:426,1
DA:427,1
DA:430,4
DA:431,4
DA:432,4
DA:434,4
DA:435,1
DA:436,1
DA:437,1
DA:441,1
DA:442,1
DA:443,1
DA:449,55
DA:450,55
DA:451,55
DA:458,57
DA:467,50
DA:468,50
DA:469,50
DA:470,50
DA:471,50
DA:472,50
DA:473,50
DA:475,50
DA:477,50
DA:478,2
DA:479,2
DA:480,2
DA:481,2
DA:482,2
DA:483,2
DA:487,50
DA:488,50
DA:489,50
DA:490,50
DA:491,50
DA:493,50
DA:494,50
DA:497,89
DA:501,17
DA:502,17
DA:506,4
DA:507,4
DA:508,3
DA:509,3
DA:510,3
DA:511,3
DA:512,3
DA:513,3
DA:514,3
DA:515,3
DA:516,3
DA:523,15
DA:524,6
DA:525,6
DA:527,15
DA:531,10
DA:532,10
DA:533,2
DA:534,2
DA:537,8
DA:538,8
DA:539,8
DA:540,8
DA:542,8
DA:543,31
DA:544,31
DA:546,31
DA:547,4
DA:548,4
DA:553,50
DA:554,50
DA:566,50
DA:567,50
DA:569,50
DA:570,50
DA:571,50
DA:572,50
DA:574,50
DA:581,50
DA:582,50
DA:583,50
DA:584,50
DA:585,50
DA:586,50
DA:587,50
DA:589,50
DA:590,50
DA:592,50
DA:593,50
DA:594,50
DA:597,50
LF:293
LH:293
BRDA:137,0,0,110
BRDA:137,0,1,93
BRDA:153,1,0,95
BRDA:153,1,1,7
BRDA:176,2,0,51
BRDA:176,2,1,51
BRDA:176,2,2,51
BRDA:176,2,3,51
BRDA:176,2,4,51
BRDA:176,2,5,51
BRDA:176,2,6,51
BRDA:176,2,7,51
BRDA:176,2,8,1
BRDA:250,3,0,50
BRDA:250,3,1,300
BRDA:340,4,0,61
BRDA:343,5,0,68
BRDA:343,5,1,2
BRDA:344,6,0,1
BRDA:344,6,1,67
BRDA:354,7,0,67
BRDA:354,7,1,402
BRDA:364,8,0,7
BRDA:364,8,1,60
BRDA:372,9,0,1
BRDA:372,9,1,1
BRDA:380,10,0,1
BRDA:380,10,1,9
BRDA:388,11,0,2
BRDA:388,11,1,7
BRDA:390,12,0,2
BRDA:390,12,1,5
BRDA:392,13,0,1
BRDA:392,13,1,4
BRDA:394,14,0,1
BRDA:394,14,1,3
BRDA:396,15,0,2
BRDA:396,15,1,1
BRDA:396,16,0,3
BRDA:396,16,1,2
BRDA:409,17,0,1
BRDA:409,17,1,5
BRDA:414,18,0,5
BRDA:414,18,1,0
BRDA:417,19,0,4
BRDA:417,19,1,1
BRDA:431,20,0,4
BRDA:431,20,1,0
BRDA:436,21,0,1
BRDA:436,21,1,0
BRDA:442,22,0,1
BRDA:442,22,1,0
BRDA:494,23,0,50
BRDA:494,23,1,0
BRDA:500,24,0,15
BRDA:502,25,0,2
BRDA:502,25,1,15
BRDA:507,26,0,4
BRDA:507,26,1,0
BRDA:522,27,0,3
BRDA:523,28,0,6
BRDA:523,28,1,9
BRDA:532,29,0,2
BRDA:532,29,1,8
BRDA:532,30,0,10
BRDA:532,30,1,10
BRDA:546,31,0,4
BRDA:546,31,1,27
BRDA:581,32,0,50
BRDA:581,32,1,0
BRDA:582,33,0,50
BRDA:582,33,1,0
BRDA:583,34,0,50
BRDA:583,34,1,0
BRDA:584,35,0,0
BRDA:584,35,1,50
BRDA:585,36,0,50
BRDA:585,36,1,0
BRDA:586,37,0,50
BRDA:586,37,1,0
BRDA:593,38,0,50
BRDA:593,38,1,0
BRF:82
BRH:69
end_of_record
