TN:
SF:workout.js
FN:134,(anonymous_0)
FN:142,(anonymous_1)
FN:152,formatSeconds
FN:159,createSvg
FN:170,(anonymous_4)
FN:172,(anonymous_5)
FN:238,renderTabs
FN:240,(anonymous_7)
FN:257,renderDays
FN:260,(anonymous_9)
FN:288,(anonymous_10)
FN:340,activateDay
FN:343,(anonymous_12)
FN:350,(anonymous_13)
FN:357,(anonymous_14)
FN:370,(anonymous_15)
FN:378,(anonymous_16)
FN:407,(anonymous_17)
FN:432,(anonymous_18)
FN:442,applyVisibilityPreferences
FN:451,applyProfilePreferences
FN:471,(anonymous_21)
FN:490,updateTimerDisplay
FN:494,setTimerStatus
FN:499,playNotificationTone
FN:516,stopTimer
FN:524,startTimer
FN:536,(anonymous_27)
FN:548,(anonymous_28)
FN:551,initWorkoutProgram
FNF:30
FNH:30
FNDA:228,(anonymous_0)
FNDA:213,(anonymous_1)
FNDA:104,formatSeconds
FNDA:457,createSvg
FNDA:1370,(anonymous_4)
FNDA:6224,(anonymous_5)
FNDA:56,renderTabs
FNDA:392,(anonymous_7)
FNDA:56,renderDays
FNDA:392,(anonymous_9)
FNDA:448,(anonymous_10)
FNDA:79,activateDay
FNDA:128,(anonymous_12)
FNDA:546,(anonymous_13)
FNDA:546,(anonymous_14)
FNDA:2,(anonymous_15)
FNDA:10,(anonymous_16)
FNDA:7,(anonymous_17)
FNDA:1,(anonymous_18)
FNDA:61,applyVisibilityPreferences
FNDA:63,applyProfilePreferences
FNDA:2,(anonymous_21)
FNDA:98,updateTimerDisplay
FNDA:19,setTimerStatus
FNDA:5,playNotificationTone
FNDA:17,stopTimer
FNDA:11,startTimer
FNDA:33,(anonymous_27)
FNDA:3,(anonymous_28)
FNDA:56,initWorkoutProgram
DA:2,56
DA:133,56
DA:135,228
DA:136,228
DA:137,227
DA:139,2
DA:143,213
DA:144,213
DA:145,212
DA:147,1
DA:153,104
DA:154,104
DA:155,104
DA:156,104
DA:160,457
DA:161,457
DA:162,457
DA:163,457
DA:164,457
DA:166,457
DA:167,457
DA:168,457
DA:170,457
DA:171,1370
DA:172,6224
DA:173,1370
DA:176,457
DA:178,57
DA:179,57
DA:180,57
DA:181,57
DA:182,57
DA:184,57
DA:185,57
DA:186,57
DA:187,57
DA:188,57
DA:190,57
DA:191,57
DA:192,57
DA:193,57
DA:195,57
DA:196,57
DA:197,57
DA:199,57
DA:200,57
DA:201,57
DA:202,57
DA:204,57
DA:205,57
DA:206,57
DA:207,57
DA:209,57
DA:210,57
DA:211,57
DA:212,57
DA:214,57
DA:215,57
DA:216,57
DA:218,1
DA:219,1
DA:220,1
DA:223,457
DA:227,56
DA:228,56
DA:229,56
DA:230,56
DA:231,56
DA:232,56
DA:233,56
DA:234,56
DA:235,56
DA:236,56
DA:239,56
DA:240,56
DA:241,392
DA:242,392
DA:243,392
DA:244,392
DA:245,392
DA:246,392
DA:247,392
DA:248,392
DA:249,392
DA:250,392
DA:251,392
DA:252,392
DA:254,56
DA:258,56
DA:260,56
DA:261,392
DA:262,392
DA:263,392
DA:264,392
DA:265,392
DA:267,392
DA:268,392
DA:270,392
DA:271,392
DA:272,392
DA:274,392
DA:275,392
DA:276,392
DA:278,392
DA:279,392
DA:280,392
DA:282,392
DA:284,392
DA:285,392
DA:286,392
DA:288,392
DA:289,448
DA:290,448
DA:292,448
DA:293,448
DA:294,448
DA:296,448
DA:297,448
DA:299,448
DA:300,448
DA:301,448
DA:303,448
DA:304,448
DA:305,448
DA:307,448
DA:308,448
DA:309,448
DA:311,448
DA:312,448
DA:313,448
DA:315,448
DA:316,448
DA:317,448
DA:318,448
DA:325,448
DA:326,448
DA:328,448
DA:329,448
DA:330,448
DA:333,392
DA:334,392
DA:337,56
DA:341,79
DA:342,79
DA:343,128
DA:344,79
DA:345,1
DA:348,78
DA:350,78
DA:351,546
DA:352,546
DA:353,546
DA:354,546
DA:357,78
DA:358,546
DA:359,546
DA:360,546
DA:363,78
DA:364,78
DA:365,7
DA:370,56
DA:371,2
DA:372,2
DA:373,1
DA:375,1
DA:378,56
DA:379,10
DA:380,10
DA:381,1
DA:384,9
DA:385,9
DA:386,9
DA:388,9
DA:389,2
DA:390,7
DA:391,2
DA:392,5
DA:393,1
DA:394,4
DA:395,1
DA:396,3
DA:397,2
DA:398,2
DA:400,1
DA:403,6
DA:404,6
DA:407,56
DA:408,7
DA:409,7
DA:410,1
DA:413,6
DA:414,6
DA:415,6
DA:417,6
DA:418,5
DA:420,1
DA:421,1
DA:422,1
DA:423,1
DA:424,1
DA:425,1
DA:426,1
DA:427,1
DA:430,5
DA:431,5
DA:432,5
DA:433,1
DA:434,1
DA:437,1
DA:438,1
DA:443,61
DA:444,61
DA:445,61
DA:452,63
DA:461,56
DA:462,56
DA:463,56
DA:464,56
DA:465,56
DA:466,56
DA:467,56
DA:469,56
DA:471,56
DA:472,2
DA:473,2
DA:474,2
DA:475,2
DA:476,2
DA:477,2
DA:481,56
DA:482,56
DA:483,56
DA:484,56
DA:485,56
DA:487,56
DA:488,56
DA:491,98
DA:495,19
DA:496,19
DA:500,5
DA:501,5
DA:502,4
DA:503,4
DA:504,4
DA:505,4
DA:506,4
DA:507,4
DA:508,4
DA:509,4
DA:510,4
DA:517,17
DA:518,7
DA:519,7
DA:521,17
DA:525,11
DA:526,11
DA:527,2
DA:528,2
DA:531,9
DA:532,9
DA:533,9
DA:534,9
DA:536,9
DA:537,33
DA:538,33
DA:540,33
DA:541,5
DA:542,5
DA:547,56
DA:548,56
DA:560,56
DA:561,56
DA:563,56
DA:564,56
DA:565,56
DA:566,56
DA:568,56
DA:575,56
DA:576,56
DA:577,56
DA:578,56
DA:579,56
DA:580,56
DA:581,56
DA:583,56
DA:584,56
DA:586,56
DA:587,56
DA:588,56
DA:591,56
LF:290
LH:290
BRDA:137,0,0,218
BRDA:137,0,1,9
BRDA:153,1,0,104
BRDA:153,1,1,8
BRDA:176,2,0,57
BRDA:176,2,1,57
BRDA:176,2,2,57
BRDA:176,2,3,57
BRDA:176,2,4,57
BRDA:176,2,5,57
BRDA:176,2,6,57
BRDA:176,2,7,57
BRDA:176,2,8,1
BRDA:250,3,0,56
BRDA:250,3,1,336
BRDA:340,4,0,72
BRDA:343,5,0,79
BRDA:343,5,1,2
BRDA:344,6,0,1
BRDA:344,6,1,78
BRDA:354,7,0,78
BRDA:354,7,1,468
BRDA:364,8,0,7
BRDA:364,8,1,71
BRDA:372,9,0,1
BRDA:372,9,1,1
BRDA:380,10,0,1
BRDA:380,10,1,9
BRDA:388,11,0,2
BRDA:388,11,1,7
BRDA:390,12,0,2
BRDA:390,12,1,5
BRDA:392,13,0,1
BRDA:392,13,1,4
BRDA:394,14,0,1
BRDA:394,14,1,3
BRDA:396,15,0,2
BRDA:396,15,1,1
BRDA:396,16,0,3
BRDA:396,16,1,2
BRDA:409,17,0,1
BRDA:409,17,1,6
BRDA:414,18,0,6
BRDA:414,18,1,1
BRDA:417,19,0,5
BRDA:417,19,1,1
BRDA:488,20,0,56
BRDA:488,20,1,1
BRDA:496,21,0,7
BRDA:496,21,1,12
BRDA:501,22,0,5
BRDA:501,22,1,1
BRDA:516,23,0,3
BRDA:516,24,0,12
BRDA:517,25,0,7
BRDA:517,25,1,10
BRDA:526,26,0,2
BRDA:526,26,1,9
BRDA:526,27,0,11
BRDA:526,27,1,11
BRDA:540,28,0,5
BRDA:540,28,1,28
BRDA:575,29,0,56
BRDA:575,29,1,1
BRDA:576,30,0,56
BRDA:576,30,1,1
BRDA:577,31,0,56
BRDA:577,31,1,1
BRDA:578,32,0,1
BRDA:578,32,1,55
BRDA:579,33,0,56
BRDA:579,33,1,1
BRDA:580,34,0,56
BRDA:580,34,1,1
BRDA:587,35,0,56
BRDA:587,35,1,1
BRF:76
BRH:76
end_of_record
